<?xml version="1.0" encoding="UTF-8"?>
<testng-results skipped="0" failed="1" ignored="0" total="5" passed="4">
  <reporter-output>
  </reporter-output>
  <suite name="All Test Suite" duration-ms="27364" started-at="2022-09-19T20:51:19 EDT" finished-at="2022-09-19T20:51:46 EDT">
    <groups>
    </groups>
    <test name="loginTest.java" duration-ms="27364" started-at="2022-09-19T20:51:19 EDT" finished-at="2022-09-19T20:51:46 EDT">
      <class name="testCases.loginTest">
        <test-method status="PASS" signature="openBrowserAndLaunchApplication()[pri:0, instance:testCases.loginTest@42dafa95]" name="openBrowserAndLaunchApplication" is-config="true" duration-ms="5043" started-at="2022-09-19T20:51:19 EDT" finished-at="2022-09-19T20:51:24 EDT">
          <reporter-output>
          </reporter-output>
        </test-method> <!-- openBrowserAndLaunchApplication -->
        <test-method status="PASS" signature="VerifyLoginPanel()[pri:0, instance:testCases.loginTest@42dafa95]" name="VerifyLoginPanel" duration-ms="43" started-at="2022-09-19T20:51:24 EDT" finished-at="2022-09-19T20:51:24 EDT">
          <reporter-output>
          </reporter-output>
        </test-method> <!-- VerifyLoginPanel -->
        <test-method status="PASS" signature="closeBrowser()[pri:0, instance:testCases.loginTest@42dafa95]" name="closeBrowser" is-config="true" duration-ms="696" started-at="2022-09-19T20:51:24 EDT" finished-at="2022-09-19T20:51:25 EDT">
          <reporter-output>
          </reporter-output>
        </test-method> <!-- closeBrowser -->
        <test-method status="PASS" signature="openBrowserAndLaunchApplication()[pri:0, instance:testCases.loginTest@42dafa95]" name="openBrowserAndLaunchApplication" is-config="true" duration-ms="3933" started-at="2022-09-19T20:51:25 EDT" finished-at="2022-09-19T20:51:29 EDT">
          <reporter-output>
          </reporter-output>
        </test-method> <!-- openBrowserAndLaunchApplication -->
        <test-method status="FAIL" signature="invalidCredentials(java.lang.String, java.lang.String, java.lang.String)[pri:0, instance:testCases.loginTest@42dafa95]" name="invalidCredentials" duration-ms="1168" started-at="2022-09-19T20:51:29 EDT" data-provider="Credentials" finished-at="2022-09-19T20:51:30 EDT">
          <params>
            <param index="0">
              <value>
                <![CDATA[Admin]]>
              </value>
            </param>
            <param index="1">
              <value>
                <![CDATA[abc]]>
              </value>
            </param>
            <param index="2">
              <value>
                <![CDATA[Invalid credential]]>
              </value>
            </param>
          </params>
          <exception class="java.lang.AssertionError">
            <message>
              <![CDATA[expected [Invalid credential] but found [Invalid credentials]]]>
            </message>
            <full-stacktrace>
              <![CDATA[java.lang.AssertionError: expected [Invalid credential] but found [Invalid credentials]
at org.testng.Assert.fail(Assert.java:97)
at org.testng.Assert.assertEqualsImpl(Assert.java:136)
at org.testng.Assert.assertEquals(Assert.java:118)
at org.testng.Assert.assertEquals(Assert.java:575)
at org.testng.Assert.assertEquals(Assert.java:585)
at testCases.loginTest.invalidCredentials(loginTest.java:42)
at sun.reflect.NativeMethodAccessorImpl.invoke0(Native Method)
at sun.reflect.NativeMethodAccessorImpl.invoke(NativeMethodAccessorImpl.java:62)
at sun.reflect.DelegatingMethodAccessorImpl.invoke(DelegatingMethodAccessorImpl.java:43)
at java.lang.reflect.Method.invoke(Method.java:498)
at org.testng.internal.MethodInvocationHelper.invokeMethod(MethodInvocationHelper.java:134)
at org.testng.internal.TestInvoker.invokeMethod(TestInvoker.java:597)
at org.testng.internal.TestInvoker.invokeTestMethod(TestInvoker.java:173)
at org.testng.internal.MethodRunner.runInSequence(MethodRunner.java:46)
at org.testng.internal.TestInvoker$MethodInvocationAgent.invoke(TestInvoker.java:816)
at org.testng.internal.TestInvoker.invokeTestMethods(TestInvoker.java:146)
at org.testng.internal.TestMethodWorker.invokeTestMethods(TestMethodWorker.java:146)
at org.testng.internal.TestMethodWorker.run(TestMethodWorker.java:128)
at java.util.ArrayList.forEach(ArrayList.java:1259)
at org.testng.TestRunner.privateRun(TestRunner.java:766)
at org.testng.TestRunner.run(TestRunner.java:587)
at org.testng.SuiteRunner.runTest(SuiteRunner.java:384)
at org.testng.SuiteRunner.runSequentially(SuiteRunner.java:378)
at org.testng.SuiteRunner.privateRun(SuiteRunner.java:337)
at org.testng.SuiteRunner.run(SuiteRunner.java:286)
at org.testng.SuiteRunnerWorker.runSuite(SuiteRunnerWorker.java:53)
at org.testng.SuiteRunnerWorker.run(SuiteRunnerWorker.java:96)
at org.testng.TestNG.runSuitesSequentially(TestNG.java:1187)
at org.testng.TestNG.runSuitesLocally(TestNG.java:1109)
at org.testng.TestNG.runSuites(TestNG.java:1039)
at org.testng.TestNG.run(TestNG.java:1007)
at com.intellij.rt.testng.IDEARemoteTestNG.run(IDEARemoteTestNG.java:66)
at com.intellij.rt.testng.RemoteTestNGStarter.main(RemoteTestNGStarter.java:109)
]]>
            </full-stacktrace>
          </exception> <!-- java.lang.AssertionError -->
          <reporter-output>
          </reporter-output>
        </test-method> <!-- invalidCredentials -->
        <test-method status="PASS" signature="closeBrowser()[pri:0, instance:testCases.loginTest@42dafa95]" name="closeBrowser" is-config="true" duration-ms="710" started-at="2022-09-19T20:51:30 EDT" finished-at="2022-09-19T20:51:31 EDT">
          <reporter-output>
          </reporter-output>
        </test-method> <!-- closeBrowser -->
        <test-method status="PASS" signature="openBrowserAndLaunchApplication()[pri:0, instance:testCases.loginTest@42dafa95]" name="openBrowserAndLaunchApplication" is-config="true" duration-ms="4039" started-at="2022-09-19T20:51:31 EDT" finished-at="2022-09-19T20:51:35 EDT">
          <reporter-output>
          </reporter-output>
        </test-method> <!-- openBrowserAndLaunchApplication -->
        <test-method status="PASS" signature="invalidCredentials(java.lang.String, java.lang.String, java.lang.String)[pri:0, instance:testCases.loginTest@42dafa95]" name="invalidCredentials" duration-ms="1144" started-at="2022-09-19T20:51:35 EDT" data-provider="Credentials" finished-at="2022-09-19T20:51:36 EDT">
          <params>
            <param index="0">
              <value>
                <![CDATA[Admin]]>
              </value>
            </param>
            <param index="1">
              <value>
                <![CDATA[xyz]]>
              </value>
            </param>
            <param index="2">
              <value>
                <![CDATA[Invalid credentials]]>
              </value>
            </param>
          </params>
          <reporter-output>
          </reporter-output>
        </test-method> <!-- invalidCredentials -->
        <test-method status="PASS" signature="closeBrowser()[pri:0, instance:testCases.loginTest@42dafa95]" name="closeBrowser" is-config="true" duration-ms="680" started-at="2022-09-19T20:51:36 EDT" finished-at="2022-09-19T20:51:37 EDT">
          <reporter-output>
          </reporter-output>
        </test-method> <!-- closeBrowser -->
        <test-method status="PASS" signature="openBrowserAndLaunchApplication()[pri:0, instance:testCases.loginTest@42dafa95]" name="openBrowserAndLaunchApplication" is-config="true" duration-ms="3680" started-at="2022-09-19T20:51:37 EDT" finished-at="2022-09-19T20:51:40 EDT">
          <reporter-output>
          </reporter-output>
        </test-method> <!-- openBrowserAndLaunchApplication -->
        <test-method status="PASS" signature="invalidCredentials(java.lang.String, java.lang.String, java.lang.String)[pri:0, instance:testCases.loginTest@42dafa95]" name="invalidCredentials" duration-ms="216" started-at="2022-09-19T20:51:40 EDT" data-provider="Credentials" finished-at="2022-09-19T20:51:40 EDT">
          <params>
            <param index="0">
              <value>
                <![CDATA[Admin]]>
              </value>
            </param>
            <param index="1">
              <value>
                <![CDATA[]]>
              </value>
            </param>
            <param index="2">
              <value>
                <![CDATA[Password cannot be empty]]>
              </value>
            </param>
          </params>
          <reporter-output>
          </reporter-output>
        </test-method> <!-- invalidCredentials -->
        <test-method status="PASS" signature="closeBrowser()[pri:0, instance:testCases.loginTest@42dafa95]" name="closeBrowser" is-config="true" duration-ms="694" started-at="2022-09-19T20:51:41 EDT" finished-at="2022-09-19T20:51:41 EDT">
          <reporter-output>
          </reporter-output>
        </test-method> <!-- closeBrowser -->
        <test-method status="PASS" signature="openBrowserAndLaunchApplication()[pri:0, instance:testCases.loginTest@42dafa95]" name="openBrowserAndLaunchApplication" is-config="true" duration-ms="3710" started-at="2022-09-19T20:51:41 EDT" finished-at="2022-09-19T20:51:45 EDT">
          <reporter-output>
          </reporter-output>
        </test-method> <!-- openBrowserAndLaunchApplication -->
        <test-method status="PASS" signature="invalidCredentials(java.lang.String, java.lang.String, java.lang.String)[pri:0, instance:testCases.loginTest@42dafa95]" name="invalidCredentials" duration-ms="244" started-at="2022-09-19T20:51:45 EDT" data-provider="Credentials" finished-at="2022-09-19T20:51:45 EDT">
          <params>
            <param index="0">
              <value>
                <![CDATA[]]>
              </value>
            </param>
            <param index="1">
              <value>
                <![CDATA[hum]]>
              </value>
            </param>
            <param index="2">
              <value>
                <![CDATA[Username cannot be empty]]>
              </value>
            </param>
          </params>
          <reporter-output>
          </reporter-output>
        </test-method> <!-- invalidCredentials -->
        <test-method status="PASS" signature="closeBrowser()[pri:0, instance:testCases.loginTest@42dafa95]" name="closeBrowser" is-config="true" duration-ms="677" started-at="2022-09-19T20:51:45 EDT" finished-at="2022-09-19T20:51:46 EDT">
          <reporter-output>
          </reporter-output>
        </test-method> <!-- closeBrowser -->
      </class> <!-- testCases.loginTest -->
    </test> <!-- loginTest.java -->
  </suite> <!-- All Test Suite -->
</testng-results>
